[    0.000000] Initializing cgroup subsys cpuset
[    0.000000] Initializing cgroup subsys cpu
[    0.000000] Initializing cgroup subsys cpuacct
[    0.000000] Linux version 4.4.0-130-generic (buildd@lgw01-amd64-039) (gcc version 5.4.0 20160609 (Ubuntu 5.4.0-6ubuntu1~16.04.9) ) #156-Ubuntu SMP Thu Jun 14 08:53:28 UTC 2018 (Ubuntu 4.4.0-130.156-generic 4.4.134)
[    0.000000] Command line: BOOT_IMAGE=/boot/vmlinuz-4.4.0-130-generic root=UUID=2ee7d6fa-e656-40b5-89e5-042755616b92 ro console=tty1 console=ttyS0
[    0.000000] KERNEL supported cpus:
[    0.000000]   Intel GenuineIntel
[    0.000000]   AMD AuthenticAMD
[    0.000000]   Centaur CentaurHauls
[    0.000000] x86/fpu: xstate_offset[2]:  576, xstate_sizes[2]:  256
[    0.000000] x86/fpu: Supporting XSAVE feature 0x01: 'x87 floating point registers'
[    0.000000] x86/fpu: Supporting XSAVE feature 0x02: 'SSE registers'
[    0.000000] x86/fpu: Supporting XSAVE feature 0x04: 'AVX registers'
[    0.000000] x86/fpu: Enabled xstate features 0x7, context size is 832 bytes, using 'standard' format.
[    0.000000] x86/fpu: Using 'eager' FPU context switches.
[    0.000000] e820: BIOS-provided physical RAM map:
[    0.000000] BIOS-e820: [mem 0x0000000000000000-0x000000000009fbff] usable
[    0.000000] BIOS-e820: [mem 0x000000000009fc00-0x000000000009ffff] reserved
[    0.000000] BIOS-e820: [mem 0x00000000000f0000-0x00000000000fffff] reserved
[    0.000000] BIOS-e820: [mem 0x0000000000100000-0x000000003ffeffff] usable
[    0.000000] BIOS-e820: [mem 0x000000003fff0000-0x000000003fffffff] ACPI data
[    0.000000] BIOS-e820: [mem 0x00000000fec00000-0x00000000fec00fff] reserved
[    0.000000] BIOS-e820: [mem 0x00000000fee00000-0x00000000fee00fff] reserved
[    0.000000] BIOS-e820: [mem 0x00000000fffc0000-0x00000000ffffffff] reserved
[    0.000000] NX (Execute Disable) protection: active
[    0.000000] SMBIOS 2.5 present.
[    0.000000] Hypervisor detected: KVM
[    0.000000] e820: last_pfn = 0x3fff0 max_arch_pfn = 0x400000000
[    0.000000] MTRR: Disabled
[    0.000000] x86/PAT: MTRRs disabled, skipping PAT initialization too.
[    0.000000] CPU MTRRs all blank - virtualized system.
[    0.000000] x86/PAT: Configuration [0-7]: WB  WT  UC- UC  WB  WT  UC- UC  
[    0.000000] found SMP MP-table at [mem 0x0009fff0-0x0009ffff] mapped at [ffff88000009fff0]
[    0.000000] Scanning 1 areas for low memory corruption
[    0.000000] RAMDISK: [mem 0x361f2000-0x370f0fff]
[    0.000000] ACPI: Early table checksum verification disabled
[    0.000000] ACPI: RSDP 0x00000000000E0000 000024 (v02 VBOX  )
[    0.000000] ACPI: XSDT 0x000000003FFF0030 00003C (v01 VBOX   VBOXXSDT 00000001 ASL  00000061)
[    0.000000] ACPI: FACP 0x000000003FFF00F0 0000F4 (v04 VBOX   VBOXFACP 00000001 ASL  00000061)
[    0.000000] ACPI: DSDT 0x000000003FFF0470 0021FF (v02 VBOX   VBOXBIOS 00000002 INTL 20100528)
[    0.000000] ACPI: FACS 0x000000003FFF0200 000040
[    0.000000] ACPI: FACS 0x000000003FFF0200 000040
[    0.000000] ACPI: APIC 0x000000003FFF0240 00005C (v02 VBOX   VBOXAPIC 00000001 ASL  00000061)
[    0.000000] ACPI: SSDT 0x000000003FFF02A0 0001CC (v01 VBOX   VBOXCPUT 00000002 INTL 20100528)
[    0.000000] No NUMA configuration found
[    0.000000] Faking a node at [mem 0x0000000000000000-0x000000003ffeffff]
[    0.000000] NODE_DATA(0) allocated [mem 0x3ffeb000-0x3ffeffff]
[    0.000000] kvm-clock: Using msrs 4b564d01 and 4b564d00
[    0.000000] kvm-clock: cpu 0, msr 0:3ffe3001, primary cpu clock
[    0.000000] kvm-clock: using sched offset of 4735929135 cycles
[    0.000000] clocksource: kvm-clock: mask: 0xffffffffffffffff max_cycles: 0x1cd42e4dffb, max_idle_ns: 881590591483 ns
[    0.000000] Zone ranges:
[    0.000000]   DMA      [mem 0x0000000000001000-0x0000000000ffffff]
[    0.000000]   DMA32    [mem 0x0000000001000000-0x000000003ffeffff]
[    0.000000]   Normal   empty
[    0.000000]   Device   empty
[    0.000000] Movable zone start for each node
[    0.000000] Early memory node ranges
[    0.000000]   node   0: [mem 0x0000000000001000-0x000000000009efff]
[    0.000000]   node   0: [mem 0x0000000000100000-0x000000003ffeffff]
[    0.000000] Initmem setup node 0 [mem 0x0000000000001000-0x000000003ffeffff]
[    0.000000] ACPI: PM-Timer IO Port: 0x4008
[    0.000000] IOAPIC[0]: apic_id 2, version 32, address 0xfec00000, GSI 0-23
[    0.000000] ACPI: INT_SRC_OVR (bus 0 bus_irq 0 global_irq 2 dfl dfl)
[    0.000000] ACPI: INT_SRC_OVR (bus 0 bus_irq 9 global_irq 9 high level)
[    0.000000] Using ACPI (MADT) for SMP configuration information
[    0.000000] smpboot: Allowing 2 CPUs, 0 hotplug CPUs
[    0.000000] PM: Registered nosave memory: [mem 0x00000000-0x00000fff]
[    0.000000] PM: Registered nosave memory: [mem 0x0009f000-0x0009ffff]
[    0.000000] PM: Registered nosave memory: [mem 0x000a0000-0x000effff]
[    0.000000] PM: Registered nosave memory: [mem 0x000f0000-0x000fffff]
[    0.000000] e820: [mem 0x40000000-0xfebfffff] available for PCI devices
[    0.000000] Booting paravirtualized kernel on KVM
[    0.000000] clocksource: refined-jiffies: mask: 0xffffffff max_cycles: 0xffffffff, max_idle_ns: 7645519600211568 ns
[    0.000000] setup_percpu: NR_CPUS:512 nr_cpumask_bits:512 nr_cpu_ids:2 nr_node_ids:1
[    0.000000] PERCPU: Embedded 34 pages/cpu @ffff88003fc00000 s99544 r8192 d31528 u1048576
[    0.000000] PV qspinlock hash table entries: 256 (order: 0, 4096 bytes)
[    0.000000] Built 1 zonelists in Node order, mobility grouping on.  Total pages: 257912
[    0.000000] Policy zone: DMA32
[    0.000000] Kernel command line: BOOT_IMAGE=/boot/vmlinuz-4.4.0-130-generic root=UUID=2ee7d6fa-e656-40b5-89e5-042755616b92 ro console=tty1 console=ttyS0
[    0.000000] PID hash table entries: 4096 (order: 3, 32768 bytes)
[    0.000000] Memory: 997160K/1048120K available (8546K kernel code, 1313K rwdata, 4000K rodata, 1516K init, 1316K bss, 50960K reserved, 0K cma-reserved)
[    0.000000] SLUB: HWalign=64, Order=0-3, MinObjects=0, CPUs=2, Nodes=1
[    0.000000] Kernel/User page tables isolation: enabled
[    0.000000] Hierarchical RCU implementation.
[    0.000000] 	Build-time adjustment of leaf fanout to 64.
[    0.000000] 	RCU restricting CPUs from NR_CPUS=512 to nr_cpu_ids=2.
[    0.000000] RCU: Adjusting geometry for rcu_fanout_leaf=64, nr_cpu_ids=2
[    0.000000] NR_IRQS:33024 nr_irqs:440 16
[    0.000000] Console: colour VGA+ 80x25
[    0.000000] console [tty1] enabled
[    0.000000] console [ttyS0] enabled
[    0.000000] tsc: Detected 2294.688 MHz processor
[    6.681744] Calibrating delay loop (skipped) preset value.. 4589.37 BogoMIPS (lpj=9178752)
[    6.848538] pid_max: default: 32768 minimum: 301
[    6.916980] ACPI: Core revision 20150930
[    6.989388] ACPI: 2 ACPI AML tables successfully acquired and loaded
[    7.104197] Security Framework initialized
[    7.172730] Yama: becoming mindful.
[    7.210874] AppArmor: AppArmor initialized
[    7.278343] Dentry cache hash table entries: 131072 (order: 8, 1048576 bytes)
[    7.391301] Inode-cache hash table entries: 65536 (order: 7, 524288 bytes)
[    7.489140] Mount-cache hash table entries: 2048 (order: 2, 16384 bytes)
[    7.493274] Mountpoint-cache hash table entries: 2048 (order: 2, 16384 bytes)
[    7.497878] Initializing cgroup subsys io
[    7.500570] Initializing cgroup subsys memory
[    7.580777] Initializing cgroup subsys devices
[    7.663835] Initializing cgroup subsys freezer
[    7.695427] Initializing cgroup subsys net_cls
[    7.766652] Initializing cgroup subsys perf_event
[    7.834788] Initializing cgroup subsys net_prio
[    7.885403] Initializing cgroup subsys hugetlb
[    7.932309] Initializing cgroup subsys pids
[    8.019342] CPU: Physical Processor ID: 0
[    8.080381] CPU: Processor Core ID: 0
[    8.145083] mce: CPU supports 0 MCE banks
[    8.224277] Last level iTLB entries: 4KB 1024, 2MB 1024, 4MB 1024
[    8.344189] Last level dTLB entries: 4KB 1024, 2MB 1024, 4MB 1024, 1GB 4
[    8.472397] Spectre V2 : Mitigation: Full generic retpoline
[    8.549473] Spectre V2 : Speculation control IBPB not-supported IBRS not-supported
[    8.676458] Speculative Store Bypass: Vulnerable
[    8.767474] Freeing SMP alternatives memory: 32K
[    8.833171] ftrace: allocating 32245 entries in 126 pages
[    8.990523] smpboot: APIC(0) Converting physical 0 to logical package 0
[    9.108931] smpboot: Max logical packages: 1
[    9.145480] x2apic enabled
[    9.192199] Switched APIC routing to physical x2apic.
[    9.291323] ..TIMER: vector=0x30 apic1=0 pin1=2 apic2=-1 pin2=-1
[    9.503552] smpboot: CPU0: Intel(R) Core(TM) i5-4200U CPU @ 1.60GHz (family: 0x6, model: 0x45, stepping: 0x1)
[    9.674785] Performance Events: unsupported p6 CPU model 69 no PMU driver, software events only.
[    9.853728] KVM setup paravirtual spinlock
[    9.889326] x86: Booting SMP configuration:
[    9.967099] .... node  #0, CPUs:      #1
[   10.004810] kvm-clock: cpu 1, msr 0:3ffe3041, secondary cpu clock
[   10.031408] mce: CPU supports 0 MCE banks
[   10.035845] x86: Booted up 1 node, 2 CPUs
[   10.117349] smpboot: Total of 2 processors activated (9178.75 BogoMIPS)
[   10.230618] devtmpfs: initialized
[   10.304275] evm: security.selinux
[   10.325359] evm: security.SMACK64
[   10.327653] evm: security.SMACK64EXEC
[   10.330224] evm: security.SMACK64TRANSMUTE
[   10.333167] evm: security.SMACK64MMAP
[   10.335527] evm: security.ima
[   10.369182] evm: security.capability
[   10.447893] clocksource: jiffies: mask: 0xffffffff max_cycles: 0xffffffff, max_idle_ns: 7645041785100000 ns
[   10.629689] futex hash table entries: 512 (order: 3, 32768 bytes)
[   10.711349] pinctrl core: initialized pinctrl subsystem
[   10.802569] RTC time:  5:20:41, date: 07/24/18
[   10.881288] NET: Registered protocol family 16
[   10.972846] cpuidle: using governor ladder
[   11.076344] cpuidle: using governor menu
[   11.133736] PCCT header not found.
[   11.175915] ACPI: bus type PCI registered
[   11.204021] acpiphp: ACPI Hot Plug PCI Controller Driver version: 0.5
[   11.256152] PCI: Using configuration type 1 for base access
[   11.329449] ACPI: Added _OSI(Module Device)
[   11.425398] ACPI: Added _OSI(Processor Device)
[   11.510647] ACPI: Added _OSI(3.0 _SCP Extensions)
[   11.589685] ACPI: Added _OSI(Processor Aggregator Device)
[   11.700858] ACPI: Executed 1 blocks of module-level executable AML code
[   11.864668] ACPI: Interpreter enabled
[   11.888929] ACPI: (supports S0 S5)
[   11.942076] ACPI: Using IOAPIC for interrupt routing
[   12.039811] PCI: Using host bridge windows from ACPI; if necessary, use "pci=nocrs" and report a bug
[   12.119019] ACPI: PCI Root Bridge [PCI0] (domain 0000 [bus 00-ff])
[   12.122760] acpi PNP0A03:00: _OSC: OS supports [ASPM ClockPM Segments MSI]
[   12.236233] acpi PNP0A03:00: _OSC: not requesting OS control; OS requires [ExtendedConfig ASPM ClockPM MSI]
[   12.338379] acpi PNP0A03:00: fail to add MMCONFIG information, can't access extended PCI configuration space under this bridge.
[   12.549984] PCI host bridge to bus 0000:00
[   12.621452] pci_bus 0000:00: root bus resource [io  0x0000-0x0cf7 window]
[   12.723391] pci_bus 0000:00: root bus resource [io  0x0d00-0xffff window]
[   12.819696] pci_bus 0000:00: root bus resource [mem 0x000a0000-0x000bffff window]
[   12.959104] pci_bus 0000:00: root bus resource [mem 0x40000000-0xffdfffff window]
[   13.093835] pci_bus 0000:00: root bus resource [bus 00-ff]
[   13.129073] pci 0000:00:01.1: legacy IDE quirk: reg 0x10: [io  0x01f0-0x01f7]
[   13.261331] pci 0000:00:01.1: legacy IDE quirk: reg 0x14: [io  0x03f6]
[   13.410698] pci 0000:00:01.1: legacy IDE quirk: reg 0x18: [io  0x0170-0x0177]
[   13.511195] pci 0000:00:01.1: legacy IDE quirk: reg 0x1c: [io  0x0376]
[   13.561684] pci 0000:00:07.0: quirk: [io  0x4000-0x403f] claimed by PIIX4 ACPI
[   13.714402] pci 0000:00:07.0: quirk: [io  0x4100-0x410f] claimed by PIIX4 SMB
[   13.906922] ACPI: PCI Interrupt Link [LNKA] (IRQs 5 9 10 *11)
[   14.007560] ACPI: PCI Interrupt Link [LNKB] (IRQs 5 9 10 *11)
[   14.083053] ACPI: PCI Interrupt Link [LNKC] (IRQs 5 9 *10 11)
[   14.165079] ACPI: PCI Interrupt Link [LNKD] (IRQs 5 *9 10 11)
[   14.269099] ACPI: Enabled 2 GPEs in block 00 to 07
[   14.351154] vgaarb: setting as boot device: PCI:0000:00:02.0
[   14.451512] vgaarb: device added: PCI:0000:00:02.0,decodes=io+mem,owns=io+mem,locks=none
[   14.522270] vgaarb: loaded
[   14.572203] vgaarb: bridge control possible 0000:00:02.0
[   14.635914] SCSI subsystem initialized
[   14.656209] ACPI: bus type USB registered
[   14.732569] usbcore: registered new interface driver usbfs
[   14.827290] usbcore: registered new interface driver hub
[   14.879601] usbcore: registered new device driver usb
[   14.942401] PCI: Using ACPI for IRQ routing
[   15.001675] NetLabel: Initializing
[   15.063392] NetLabel:  domain hash size = 128
[   15.161858] NetLabel:  protocols = UNLABELED CIPSOv4
[   15.256869] NetLabel:  unlabeled traffic allowed by default
[   15.334227] amd_nb: Cannot enumerate AMD northbridges
[   15.425740] clocksource: Switched to clocksource kvm-clock
[   15.543400] AppArmor: AppArmor Filesystem Enabled
[   15.674791] pnp: PnP ACPI init
[   15.740825] pnp: PnP ACPI: found 3 devices
[   15.844065] clocksource: acpi_pm: mask: 0xffffff max_cycles: 0xffffff, max_idle_ns: 2085701024 ns
[   16.082553] NET: Registered protocol family 2
[   16.211042] TCP established hash table entries: 8192 (order: 4, 65536 bytes)
[   16.406749] TCP bind hash table entries: 8192 (order: 5, 131072 bytes)
[   16.602373] TCP: Hash tables configured (established 8192 bind 8192)
[   16.712618] UDP hash table entries: 512 (order: 2, 16384 bytes)
[   16.871809] UDP-Lite hash table entries: 512 (order: 2, 16384 bytes)
[   16.907571] NET: Registered protocol family 1
[   16.910331] pci 0000:00:00.0: Limiting direct PCI/PCI transfers
[   16.914173] pci 0000:00:01.0: Activating ISA DMA hang workarounds
[   16.918042] Unpacking initramfs...
[   17.730165] Freeing initrd memory: 15356K
[   17.789270] RAPL PMU detected, API unit is 2^-32 Joules, 4 fixed counters 10737418240 ms ovfl timer
[   17.960937] hw unit of domain pp0-core 2^-0 Joules
[   18.012058] hw unit of domain package 2^-0 Joules
[   18.040949] hw unit of domain dram 2^-0 Joules
[   18.092828] hw unit of domain pp1-gpu 2^-0 Joules
[   18.151578] platform rtc_cmos: registered platform RTC device (no PNP device found)
[   18.230206] Scanning for low memory corruption every 60 seconds
[   18.308797] audit: initializing netlink subsys (disabled)
[   18.390694] audit: type=2000 audit(1532409640.690:1): initialized
[   18.497640] Initialise system trusted keyring
[   18.575698] HugeTLB registered 2 MB page size, pre-allocated 0 pages
[   18.674793] zbud: loaded
[   18.744551] VFS: Disk quotas dquot_6.6.0
[   18.860500] VFS: Dquot-cache hash table entries: 512 (order 0, 4096 bytes)
[   19.070134] squashfs: version 4.0 (2009/01/31) Phillip Lougher
[   19.207167] tsc: Refined TSC clocksource calibration: 2295.859 MHz
[   19.320452] clocksource: tsc: mask: 0xffffffffffffffff max_cycles: 0x2117ed500e2, max_idle_ns: 440795310811 ns
ÿ[   19.321021] fuse init (API version 7.23)
[   19.321268] Key type big_key registered
   19.321306] Allocating IMA MOK and blacklist keyrings.
[   19.321810] Key type asymmetric registered
[   19.321814] Asymmetric key parser 'x509' registered
[   19.321879] Block layer SCSI generic (bsg) driver version 0.4 loaded (major 249)
[   19.321928] io scheduler noop registered
[   19.321931] io scheduler deadline registered (default)
[   19.322091] io scheduler cfq registered
[   19.322252] pci_hotplug: PCI Hot Plug PCI Core version: 0.5
[   19.322262] pciehp: PCI Express Hot Plug Controller Driver version: 0.4
[   19.322486] ACPI: AC Adapter [AC] (off-line)
[   19.322588] input: Power Button as /devices/LNXSYSTM:00/LNXPWRBN:00/input/input0
[   19.322592] ACPI: Power Button [PWRF]
[   19.322732] input: Sleep Button as /devices/LNXSYSTM:00/LNXSLPBN:00/input/input1
[   19.322735] ACPI: Sleep Button [SLPF]
[   19.323000] GHES: HEST is not enabled!
[   19.324267] ACPI: Battery Slot [BAT0] (battery present)
[   19.324366] Serial: 8250/16550 driver, 32 ports, IRQ sharing enabled
[   19.631201] 00:02: ttyS0 at I/O 0x3f8 (irq = 4, base_baud = 115200) is a 16550A
[   19.727324] Linux agpgart interface v0.103
[   19.846009] loop: module loaded
[   19.846935] scsi host0: ata_piix
[   19.847034] scsi host1: ata_piix
[   19.847092] ata1: PATA max UDMA/33 cmd 0x1f0 ctl 0x3f6 bmdma 0xd000 irq 14
[   19.847094] ata2: PATA max UDMA/33 cmd 0x170 ctl 0x376 bmdma 0xd008 irq 15
[   19.847224] libphy: Fixed MDIO Bus: probed
[   19.847227] tun: Universal TUN/TAP device driver, 1.6
[   19.847228] tun: (C) 1999-2004 Max Krasnyansky <maxk@qualcomm.com>
[   19.847733] PPP generic driver version 2.4.2
[   19.847821] ehci_hcd: USB 2.0 'Enhanced' Host Controller (EHCI) Driver
[   19.847829] ehci-pci: EHCI PCI platform driver
[   19.847843] ehci-platform: EHCI generic platform driver
[   19.847856] ohci_hcd: USB 1.1 'Open' Host Controller (OHCI) Driver
[   19.847859] ohci-pci: OHCI PCI platform driver
[   19.847872] ohci-platform: OHCI generic platform driver
[   19.847883] uhci_hcd: USB Universal Host Controller Interface driver
[   19.847963] i8042: PNP: PS/2 Controller [PNP0303:PS2K,PNP0f03:PS2M] at 0x60,0x64 irq 1,12
[   19.884596] serio: i8042 KBD port at 0x60,0x64 irq 1
[   19.884606] serio: i8042 AUX port at 0x60,0x64 irq 12
[   19.884955] mousedev: PS/2 mouse device common for all mice
[   19.885468] rtc_cmos rtc_cmos: rtc core: registered rtc_cmos as rtc0
[   19.885570] rtc_cmos rtc_cmos: alarms up to one day, 114 bytes nvram
[   19.885583] i2c /dev entries driver
[   19.885682] device-mapper: uevent: version 1.0.3
[   19.885891] device-mapper: ioctl: 4.34.0-ioctl (2015-10-28) initialised: dm-devel@redhat.com
[   19.885921] ledtrig-cpu: registered to indicate activity on CPUs
[   19.886435] NET: Registered protocol family 10
[   19.886655] NET: Registered protocol family 17
[   19.886669] Key type dns_resolver registered
[   19.887170] registered taskstats version 1
[   19.887201] Loading compiled-in X.509 certificates
[   19.914367] Loaded X.509 cert 'Build time autogenerated kernel key: b3e0fe4bcd6378c38a2c0a4648abbc1fa5043a22'
[   19.914417] zswap: loaded using pool lzo/zbud
[   19.917643] Key type trusted registered
[   19.923452] Key type encrypted registered
[   19.923464] AppArmor: AppArmor sha1 policy hashing enabled
[   19.923469] ima: No TPM chip found, activating TPM-bypass!
[   19.923476] ima: Allocated hash algorithm: sha1
[   19.923500] evm: HMAC attrs: 0x1
[   19.923975]   Magic number: 10:608:315
[   19.924000] tty tty40: hash matches
[   19.978841] rtc_cmos rtc_cmos: setting system clock to 2018-07-24 05:20:50 UTC (1532409650)
[   19.979056] BIOS EDD facility v0.16 2004-Jun-25, 0 devices found
[   19.979056] EDD information not available.
[   20.411252] input: AT Translated Set 2 keyboard as /devices/platform/i8042/serio0/input/input2
[   24.427392] Freeing unused kernel memory: 1516K
[   24.505894] Write protecting the kernel read-only data: 14336k
[   24.572942] Freeing unused kernel memory: 1680K
[   24.635043] Freeing unused kernel memory: 96K
Loading, please wait...
[   24.709071] random: systemd-udevd: uninitialized urandom read (16 bytes read, 4 bits of entropy available)
[   24.710321] random: udevadm: uninitialized urandom read (16 bytes read, 4 bits of entropy available)
starting version[   24.710362] random: udevadm: uninitialized urandom read (16 bytes read, 4 bits of entropy available)
 229
[   24.745337] random: udevadm: uninitialized urandom read (16 bytes read, 4 bits of entropy available)
[   24.745441] random: udevadm: uninitialized urandom read (16 bytes read, 4 bits of entropy available)
[   24.745986] random: udevadm: uninitialized urandom read (16 bytes read, 4 bits of entropy available)
[   24.746122] random: udevadm: uninitialized urandom read (16 bytes read, 4 bits of entropy available)
[   24.746235] random: udevadm: uninitialized urandom read (16 bytes read, 4 bits of entropy available)
[   24.746353] random: udevadm: uninitialized urandom read (16 bytes read, 4 bits of entropy available)
[   24.746461] random: udevadm: uninitialized urandom read (16 bytes read, 4 bits of entropy available)
[   25.452046] Fusion MPT base driver 3.04.20
[   25.469029] Copyright (c) 1999-2008 LSI Corporation
[   25.516829] e1000: Intel(R) PRO/1000 Network Driver - version 7.3.21-k8-NAPI
[   25.551258] e1000: Copyright (c) 1999-2006 Intel Corporation.
[   25.667671] Fusion MPT SPI Host driver 3.04.20
[   25.693021] AVX version of gcm_enc/dec engaged.
[   25.766119] AES CTR mode by8 optimization enabled
[   25.868384] input: ImExPS/2 Generic Explorer Mouse as /devices/platform/i8042/serio1/input/input4
[   26.192749] e1000 0000:00:03.0 eth0: (PCI:33MHz:32-bit) 02:b0:72:86:cc:22
[   26.266139] e1000 0000:00:03.0 eth0: Intel(R) PRO/1000 Network Connection
[   26.288225] mptbase: ioc0: Initiating bringup
[   26.329385] e1000 0000:00:03.0 enp0s3: renamed from eth0
[   26.475443] ioc0: LSI53C1030 A0: Capabilities={Initiator}
[   26.784186] scsi host2: ioc0: LSI53C1030 A0, FwRev=00000000h, Ports=1, MaxQ=256, IRQ=20
[   26.970543] scsi 2:0:0:0: Direct-Access     VBOX     HARDDISK         1.0  PQ: 0 ANSI: 5
[   27.199806] scsi target2:0:0: Beginning Domain Validation
[   27.240071] scsi target2:0:0: Domain Validation skipping write tests
[   27.392958] scsi target2:0:0: Ending Domain Validation
[   27.443483] scsi target2:0:0: asynchronous
[   27.486698] scsi 2:0:1:0: Direct-Access     VBOX     HARDDISK         1.0  PQ: 0 ANSI: 5
[   27.708633] scsi target2:0:1: Beginning Domain Validation
[   27.855912] scsi target2:0:1: Domain Validation skipping write tests
[   27.886862] scsi target2:0:1: Ending Domain Validation
[   27.890057] scsi target2:0:1: asynchronous
[   27.964748] sd 2:0:0:0: [sda] 20971520 512-byte logical blocks: (10.7 GB/10.0 GiB)
[   27.964925] sd 2:0:0:0: Attached scsi generic sg0 type 0
[   28.059061] sd 2:0:1:0: Attached scsi generic sg1 type 0
[   28.059459] sd 2:0:1:0: [sdb] 20480 512-byte logical blocks: (10.5 MB/10.0 MiB)
[   28.059685] sd 2:0:1:0: [sdb] Write Protect is off
[   28.059826] sd 2:0:1:0: [sdb] Incomplete mode parameter data
[   28.059829] sd 2:0:1:0: [sdb] Assuming drive cache: write through
[   28.063755] sd 2:0:1:0: [sdb] Attached SCSI disk
[   28.418704] sd 2:0:0:0: [sda] Write Protect is off
[   28.507936] sd 2:0:0:0: [sda] Incomplete mode parameter data
[   28.594728] sd 2:0:0:0: [sda] Assuming drive cache: write through
[   28.670101]  sda: sda1
[   28.711175] sd 2:0:0:0: [sda] Attached SCSI disk
Begin: Loading e[   31.106170] md: linear personality registered for level -1
ssential drivers[   31.173792] md: multipath personality registered for level -4
 ... [   31.291387] md: raid0 personality registered for level 0
[   31.361667] md: raid1 personality registered for level 1
[   31.493927] raid6: sse2x1   gen()  4794 MB/s
[   31.610111] raid6: sse2x1   xor()  3145 MB/s
[   31.753796] raid6: sse2x2   gen()  5939 MB/s
[   31.858087] raid6: sse2x2   xor()  3962 MB/s
[   31.965965] raid6: sse2x4   gen()  6557 MB/s
[   32.081786] raid6: sse2x4   xor()  4407 MB/s
[   32.133620] raid6: using algorithm sse2x4 gen() 6557 MB/s
[   32.193245] raid6: .... xor() 4407 MB/s, rmw enabled
[   32.242026] raid6: using ssse3x2 recovery algorithm
[   32.300289] xor: automatically using best checksumming function:
[   32.450238]    avx       : 11580.000 MB/sec
[   32.525148] async_tx: api initialized (async)
[   32.596805] md: raid6 personality registered for level 6
[   32.658988] md: raid5 personality registered for level 5
[   32.697590] md: raid4 personality registered for level 4
[   32.741575] md: raid10 personality registered for level 10
done.
Begin: Running /scripts/init-premount ... done[   32.888047] Btrfs loaded
.
Begin: Mounting root file system ... Begin: Running /scripts/[   32.988630] EXT4-fs (sda1): INFO: recovery required on readonly filesystem
local-top ... do[   33.121148] EXT4-fs (sda1): write access will be enabled during recovery
ne.
Begin: Running /scripts/local-premount ... Scanning for Btrfs filesystems
[   33.310948] EXT4-fs (sda1): recovery complete
done.
Warning: [   33.453862] EXT4-fs (sda1): mounted filesystem with ordered data mode. Opts: (null)
fsck not present, so skipping root file system
done.
Begin: Running /scripts/local-bottom ... done.
Begin: Running /scripts/init-bottom ... done.
[   33.893772] systemd[1]: systemd 229 running in system mode. (+PAM +AUDIT +SELINUX +IMA +APPARMOR +SMACK +SYSVINIT +UTMP +LIBCRYPTSETUP +GCRYPT +GNUTLS +ACL +XZ -LZ4 +SECCOMP +BLKID +ELFUTILS +KMOD -IDN)
[   34.086115] systemd[1]: Detected virtualization oracle.
[   34.157835] systemd[1]: Detected architecture x86-64.

Welcome to [1mUbuntu 16.04.4 LTS[0m!

[   34.278957] systemd[1]: Set hostname to <ubuntu-xenial>.
[   34.538248] random: nonblocking pool is initialized
[   34.696756] systemd[1]: Created slice User and Session Slice.
[[0;32m  OK  [0m] Created slice User and Session Slice.
[   34.850457] systemd[1]: Listening on /dev/initctl Compatibility Named Pipe.
[[0;32m  OK  [0m] Listening on /dev/initctl Compatibility Named Pipe.
[   35.010541] systemd[1]: Listening on Journal Audit Socket.
[[0;32m  OK  [0m] Listening on Journal Audit Socket.
[   35.159594] systemd[1]: Created slice System Slice.
[[0;32m  OK  [0m] Created slice System Slice.
[   35.268377] systemd[1]: Reached target User and Group Name Lookups.
[[0;32m  OK  [0m] Reached target User and Group Name Lookups.
[   35.394384] systemd[1]: Listening on udev Kernel Socket.
[[0;32m  OK  [0m] Listening on udev Kernel Socket.
[   35.534907] systemd[1]: Started Trigger resolvconf update for networkd DNS.
[[0;32m  OK  [0m] Started Trigger resolvconf update for networkd DNS.
[   35.714445] systemd[1]: Reached target Slices.
[[0;32m  OK  [0m] Reached target Slices.
[   35.815021] systemd[1]: Reached target Encrypted Volumes.
[[0;32m  OK  [0m] Reached target Encrypted Volumes.
[   35.939638] systemd[1]: Created slice system-serial\x2dgetty.slice.
[[0;32m  OK  [0m] Created slice system-serial\x2dgetty.slice.
[   36.075803] systemd[1]: Reached target System Time Synchronized.
[[0;32m  OK  [0m] Reached target System Time Synchronized.
[   36.191032] systemd[1]: Listening on udev Control Socket.
[[0;32m  OK  [0m] Listening on udev Control Socket.
[   36.351122] systemd[1]: Listening on Device-mapper event daemon FIFOs.
[[0;32m  OK  [0m] Listening on Device-mapper event daemon FIFOs.
[   36.502341] systemd[1]: Listening on LVM2 metadata daemon socket.
[[0;32m  OK  [0m] Listening on LVM2 metadata daemon socket.
[   36.646884] systemd[1]: Reached target Swap.
[[0;32m  OK  [0m] Reached target Swap.
[   36.750496] systemd[1]: Listening on Journal Socket.
[[0;32m  OK  [0m] Listening on Journal Socket.
[   36.890794] systemd[1]: Mounting Huge Pages File System...
         Mounting Huge Pages File System...
[   37.026554] systemd[1]: Starting Uncomplicated firewall...
         Starting Uncomplicated firewall...
[   37.142625] systemd[1]: Mounting POSIX Message Queue File System...
         Mounting POSIX Message Queue File System...
[   37.259808] systemd[1]: Mounting Debug File System...
         Mounting Debug File System...
[   37.386824] systemd[1]: Starting Load Kernel Modules...
[   37.405842] Loading iSCSI transport class v2.0-870.
         Startin[   37.553886] iscsi: registered transport (tcp)
g Load Kernel Modules...
[   37.686316] systemd[1]: Starting Remount Root and Kernel File Systems...
[   37.686474] iscsi: registered transport (iser)
         Startin[   37.783970] EXT4-fs (sda1): re-mounted. Opts: (null)
g Remount Root and Kernel File Systems...
[   37.930574] systemd[1]: Starting Nameserver information manager...
         Starting Nameserver information manager...
[   38.090808] systemd[1]: Starting Set console keymap...
         Starting Set console keymap...
[   38.282135] systemd[1]: Starting Create list of required static device nodes for the current kernel...
         Starting Create list of required st... nodes for the current kernel...
[   38.482256] systemd[1]: Starting Monitoring of LVM2 mirrors, snapshots etc. using dmeventd or progress polling...
         Starting Monitoring of LVM2 mirrors... dmeventd or progress polling...
[   38.745238] systemd[1]: Started Forward Password Requests to Wall Directory Watch.
[[0;32m  OK  [0m] Started Forward Password Requests to Wall Directory Watch.
[   38.938659] systemd[1]: Set up automount Arbitrary Executable File Formats File System Automount Point.
[[0;32m  OK  [0m] Set up automount Arbitrary Executab...ats File System Automount Point.
[   39.187655] systemd[1]: Listening on Syslog Socket.
[[0;32m  OK  [0m] Listening on Syslog Socket.
[   39.254843] systemd[1]: Listening on LVM2 poll daemon socket.
[[0;32m  OK  [0m] Listening on LVM2 poll daemon socket.
[   39.382621] systemd[1]: Listening on Journal Socket (/dev/log).
[[0;32m  OK  [0m] Listening on Journal Socket (/dev/log).
[   39.554345] systemd[1]: Starting Journal Service...
         Starting Journal Service...
[   39.712203] systemd[1]: Mounted Debug File System.
[[0;32m  OK  [0m] Mounted Debug File System.
[   39.870695] systemd[1]: Mounted POSIX Message Queue File System.
[[0;32m  OK  [0m] Mounted POSIX Message Queue File System.
[   39.970387] systemd[1]: Mounted Huge Pages File System.
[[0;32m  OK  [0m] Mounted Huge Pages File System.
[   40.075110] systemd[1]: Started Journal Service.
[[0;32m  OK  [0m] Started Journal Service.
[[0;32m  OK  [0m] Started Uncomplicated firewall.
[[0;32m  OK  [0m] Started Load Kernel Modules.
[[0;32m  OK  [0m] Started Remount Root and Kernel File Systems.
[[0;32m  OK  [0m] Started Set console keymap.
[[0;32m  OK  [0m] Started Create list of required sta...ce nodes for the current kernel.
[[0;32m  OK  [0m] Started Nameserver information manager.
[[0;32m  OK  [0m] Started LVM2 metadata daemon.
         Starting Create Static Device Nodes in /dev...
         Starting udev Coldplug all Devices...
         Starting Load/Save Random Seed...
         Mounting FUSE Control File System...
         Starting Apply Kernel Variables...
         Starting Flush Journal to Persistent Storage...
[[0;32m  OK  [0m] Mounted FUSE Control File System.
[[0;32m  OK  [0m] Started Monitoring of LVM2 mirrors,...ng dmeventd or progress polling.
[[0;32m  OK  [0m] Started Create Static Device Nodes in /dev.
[[0;32m  OK  [0m] Started Load/Save Random Seed.
[[0;32m  OK  [0m] Started Apply Kernel Variables.
[[0;32m  OK  [0m] Started udev Coldplug all Devices.
[[0;32m  OK  [0m] Started Flush Journal to Persistent Storage.
         Starting udev Kernel Device Manager...
[[0;32m  OK  [0m] Started udev Kernel Device Manager.
[[0;32m  OK  [0m] Reached target Local File Systems (Pre).
[[0;32m  OK  [0m] Reached target Local File Systems.
         Starting Create Volatile Files and Directories...
         Starting Set console font and keymap...
         Starting Initial cloud-init job (pre-networking)...
         Starting Tell Plymouth To Write Out Runtime Data...
         Starting LSB: AppArmor initialization...
[[0;32m  OK  [0m] Started Dispatch Password Requests to Console Directory Watch.
[[0;32m  OK  [0m] Started Create Volatile Files and Directories.
[[0;32m  OK  [0m] Started Tell Plymouth To Write Out Runtime Data.
[[0;32m  OK  [0m] Found device /dev/ttyS0.
[[0;32m  OK  [0m] Listening on Load/Save RF Kill Switch Status /dev/rfkill Watch.
         Starting Update UTMP about System Boot/Shutdown...
[[0;32m  OK  [0m] Started Set console font and keymap.
[   31.911299] cloud-init[520]: Cloud-init v. 18.2 running 'init-local' at Tue, 24 Jul 2018 05:21:16 +0000. Up 31.12 seconds.
[[0;32m  OK  [0m] Started LSB: AppArmor initialization.
[[0;32m  OK  [0m] Started Initial cloud-init job (pre-networking).
[[0;32m  OK  [0m] Started Update UTMP about System Boot/Shutdown.
[[0;32m  OK  [0m] Reached target Network (Pre).
         Starting Raise network interfaces...
[[0;32m  OK  [0m] Started ifup for enp0s3.
[[0;32m  OK  [0m] Created slice system-getty.slice.
[[0;32m  OK  [0m] Started Raise network interfaces.
[[0;32m  OK  [0m] Reached target Network.
         Starting Initial cloud-init job (metadata service crawler)...
[   34.190462] cloud-init[984]: Cloud-init v. 18.2 running 'init' at Tue, 24 Jul 2018 05:21:18 +0000. Up 33.55 seconds.
[   34.297014] [cloud-init[0;32m  OK  [0m[984]: ] ci-info: +++++++++++++++++++++++++++++++++++++Net device info++++++++++++++++++++++++++++++++++++++Started Initial cloud-init job (metadata service crawler).

[   34.297661] cloud-init[984]: ci-info: +--------+------+----------------------------+---------------+-------+-------------------+
[   34.697052] [cloud-init[0;32m  OK  [0m[984]: ] ci-info: | Device |  Up  |          Address           |      Mask     | Scope |     Hw-Address    |Reached target System Initialization.

[   34.697906] [cloud-init[0;32m  OK  [0m[984]: ] ci-info: +--------+------+----------------------------+---------------+-------+-------------------+Listening on D-Bus System Message Bus Socket.

[   34.902613] cloud-init[984]: ci-info: | enp0s3 | True |         10.0.2.15          | 255.255.255.0 |   .   | 02:b0:72:86:cc:22 |
[[0;32m  OK  [0m] Listening on UUID daemon activation socket.
[   35.144566] cloud-init[984]: ci-info: | enp0s3 | True | fe80::b0:72ff:fe86:cc22/64 |       .       |  link | 02:b0:72:86:cc:22 |
[[0;32m  OK  [0m] Started Daily apt download activities.
[   35.364561] [cloud-init[0;32m  OK  [0m[984]: ] ci-info: |   lo   | True |         127.0.0.1          |   255.0.0.0   |   .   |         .         |Started Daily apt upgrade and clean activities.

[   35.604426] [cloud-init[0;32m  OK  [0m[984]: ] ci-info: |   lo   | True |          ::1/128           |       .       |  host |         .         |Started Daily Cleanup of Temporary Directories.

[   35.848138] [cloud-init[0;32m  OK  [0m[984]: ] ci-info: +--------+------+----------------------------+---------------+-------+-------------------+Reached target Timers.

[   36.289196] [cloud-init[0;32m  OK  [0m[984]: ] ci-info: +++++++++++++++++++++++++++Route IPv4 info++++++++++++++++++++++++++++Started ACPI Events Check.

[   36.291526] [cloud-init[0;32m  OK  [0m[984]: ] ci-info: +-------+-------------+----------+---------------+-----------+-------+Reached target Paths.

[   36.472348] [cloud-init[0;32m  OK  [0m[984]: ] ci-info: | Route | Destination | Gateway  |    Genmask    | Interface | Flags |Listening on ACPID Listen Socket.

[   36.663750]          cloud-initStarting Socket activation for snappy daemon.[984]: 
ci-info: +-------+-------------+----------+---------------+-----------+-------+
[   37.042030]          cloud-initStarting LXD - unix socket.[984]: 
ci-info: |   0   |   0.0.0.0   | 10.0.2.2 |    0.0.0.0    |   enp0s3  |   UG  |
[   37.230056] [cloud-init[0;32m  OK  [0m[984]: ] ci-info: |   1   |   10.0.2.0  | 0.0.0.0  | 255.255.255.0 |   enp0s3  |   U   |Reached target Cloud-config availability.

[   37.232350] [cloud-init[0;32m  OK  [0m[984]: ] ci-info: +-------+-------------+----------+---------------+-----------+-------+Reached target Network is Online.

         Starting iSCSI initiator daemon (iscsid)...
[[0;32m  OK  [0m] Listening on Socket activation for snappy daemon.
[[0;32m  OK  [0m] Listening on LXD - unix socket.
[[0;32m  OK  [0m] Started iSCSI initiator daemon (iscsid).
         Starting Login to default iSCSI targets...
[[0;32m  OK  [0m] Reached target Sockets.
[[0;32m  OK  [0m] Reached target Basic System.
[[0;32m  OK  [0m] Started FUSE filesystem for LXC.
         Starting LSB: Record successful boot for GRUB...
         Starting /etc/rc.local Compatibility...
[[0;32m  OK  [0m] Started ACPI event daemon.
         Starting LSB: MD monitoring daemon...
[[0;32m  OK  [0m] Started D-Bus System Message Bus.
         Starting LXD - container startup/shutdown...
         Starting Accounts Service...
[[0;32m  OK  [0m] Started Deferred execution scheduler.
[[0;32m  OK  [0m] Started Regular background program processing daemon.
         Starting System Logging Service...
[[0;32m  OK  [0m] Started Unattended Upgrades Shutdown.
         Starting Login Service...
         Starting Snappy daemon...
         Starting Apply the settings specified in cloud-config...
         Starting Virtualbox guest utils...
         Starting OpenBSD Secure Shell server...
[[0;32m  OK  [0m] Started System Logging Service.
[[0;32m  OK  [0m] Started Snappy daemon.
[[0;32m  OK  [0m] Started OpenBSD Secure Shell server.
[[0;32m  OK  [0m] Started /etc/rc.local Compatibility.
[[0;32m  OK  [0m] Started LXD - container startup/shutdown.
         Starting Authenticate and Authorize Users to Run Privileged Tasks...
         Starting Wait until snapd is fully seeded...
[[0;32m  OK  [0m] Started LSB: Record successful boot for GRUB.
[[0;32m  OK  [0m] Started LSB: MD monitoring daemon.
[[0;32m  OK  [0m] Started Virtualbox guest utils.
[[0;32m  OK  [0m] Started Wait until snapd is fully seeded.
[[0;32m  OK  [0m] Started Login to default iSCSI targets.
[[0;32m  OK  [0m] Started Login Service.
[[0;32m  OK  [0m] Started Authenticate and Authorize Users to Run Privileged Tasks.
[[0;32m  OK  [0m] Started Apply the settings specified in cloud-config.
[[0;32m  OK  [0m] Started Accounts Service.
[   41.417235] cloud-init[1093]: Cloud-init v. 18.2 running 'modules:config' at Tue, 24 Jul 2018 05:21:26 +0000. Up 41.15 seconds.
[[0;32m  OK  [0m] Reached target Remote File Systems (Pre).
[[0;32m  OK  [0m] Reached target Remote File Systems.
         Starting LSB: automatic crash report generation...
         Starting Permit User Sessions...
         Starting LSB: Set the CPU Frequency Scaling governor to "ondemand"...
         Starting LSB: daemon to balance interrupts for SMP systems...
[[0;32m  OK  [0m] Started Permit User Sessions.
[[0;32m  OK  [0m] Started LSB: Set the CPU Frequency Scaling governor to "ondemand".
[[0;32m  OK  [0m] Started LSB: automatic crash report generation.
[[0;32m  OK  [0m] Created slice User Slice of vagrant.
[[0;32m  OK  [0m] Started Session 1 of user vagrant.
         Starting User Manager for UID 1000...
         Starting Hold until boot process finishes up...
         Starting Terminate Plymouth Boot Screen...
[[0;32m  OK  [0m] Started User Manager for UID 1000.
[[0;32m  OK  [0m] Started LSB: daemon to balance interrupts for SMP systems.
[[0;32m  OK  [0m] Started Hold until boot process finishes up.
[[0;32m  OK  [0m] Started Terminate Plymouth Boot Screen.
[[0;32m  OK  [0m] Started Getty on tty1.
         Starting Set console scheme...
[[0;32m  OK  [0m] Started Serial Getty on ttyS0.
[[0;32m  OK  [0m] Reached target Login Prompts.
[[0;32m  OK  [0m] Reached target Multi-User System.
         Starting Execute cloud user/final scripts...
[[0;32m  OK  [0m] Reached target Graphical Interface.
         Starting Update UTMP about System Runlevel Changes...
[[0;32m  OK  [0m] Started Set console scheme.
[[0;32m  OK  [0m] Started Update UTMP about System Runlevel Changes.
[   44.604731] cloud-init[1239]: Cloud-init v. 18.2 running 'modules:final' at Tue, 24 Jul 2018 05:21:29 +0000. Up 44.28 seconds.
[[0;32m  OK  [0m] Started Execute cloud user/final scripts.
[   44.747004] cloud-init[1239]: Cloud-init v. 18.2 finished at Tue, 24 Jul 2018 05:21:29 +0000. Datasource DataSourceNoCloud [seed=/dev/sdb][dsmode=net].  Up 44.59 seconds
[[0;32m  OK  [0m] Reached target Cloud-init target.

Ubuntu 16.04.4 LTS ubuntu-xenial ttyS0

ubuntu-xenial login: 